  Server.c
C:\Users\Arcon123\Desktop\PaymentApplication\PaymentApplication\PaymentApplication\PaymentApplication\PaymentApplication\Server\Server.c(31,59): warning C4047: 'function': 'ST_accountsDB_t *' differs in levels of indirection from 'ST_accountsDB_t **'
C:\Users\Arcon123\Desktop\PaymentApplication\PaymentApplication\PaymentApplication\PaymentApplication\PaymentApplication\Server\Server.c(31,51): warning C4024: 'isValidAccount': different types for formal and actual parameter 2
C:\Users\Arcon123\Desktop\PaymentApplication\PaymentApplication\PaymentApplication\PaymentApplication\PaymentApplication\Server\Server.c(37,61): warning C4047: 'function': 'ST_accountsDB_t *' differs in levels of indirection from 'ST_accountsDB_t **'
C:\Users\Arcon123\Desktop\PaymentApplication\PaymentApplication\PaymentApplication\PaymentApplication\PaymentApplication\Server\Server.c(37,53): warning C4024: 'isAmountAvailable': different types for formal and actual parameter 2
C:\Users\Arcon123\Desktop\PaymentApplication\PaymentApplication\PaymentApplication\PaymentApplication\PaymentApplication\Server\Server.c(49,34): warning C4047: 'function': 'ST_accountsDB_t *' differs in levels of indirection from 'ST_accountsDB_t **'
C:\Users\Arcon123\Desktop\PaymentApplication\PaymentApplication\PaymentApplication\PaymentApplication\PaymentApplication\Server\Server.c(49,26): warning C4024: 'isBlockedAccount': different types for formal and actual parameter 1
C:\Users\Arcon123\Desktop\PaymentApplication\PaymentApplication\PaymentApplication\PaymentApplication\PaymentApplication\Server\Server.c(64,13): warning C4013: 'strcmp' undefined; assuming extern returning int
C:\Users\Arcon123\Desktop\PaymentApplication\PaymentApplication\PaymentApplication\PaymentApplication\PaymentApplication\Server\Server.c(104,12): warning C4129: '-': unrecognized character escape sequence
C:\Users\Arcon123\Desktop\PaymentApplication\PaymentApplication\PaymentApplication\PaymentApplication\PaymentApplication\Server\Server.c(115,5): warning C4013: 'strcpy' undefined; assuming extern returning int
C:\Users\Arcon123\Desktop\PaymentApplication\PaymentApplication\PaymentApplication\PaymentApplication\PaymentApplication\Server\Server.c(205,19): warning C4101: 'cardData': unreferenced local variable
  Terminal.c
C:\Users\Arcon123\Desktop\PaymentApplication\PaymentApplication\PaymentApplication\PaymentApplication\PaymentApplication\Terminal\Terminal.c(159,5): warning C4013: 'strcpy' undefined; assuming extern returning int
C:\Users\Arcon123\Desktop\PaymentApplication\PaymentApplication\PaymentApplication\PaymentApplication\PaymentApplication\Terminal\Terminal.c(166,56): warning C4133: 'function': incompatible types - from 'ST_terminalData_t *' to 'ST_cardData_t *'
C:\Users\Arcon123\Desktop\PaymentApplication\PaymentApplication\PaymentApplication\PaymentApplication\PaymentApplication\Terminal\Terminal.c(166,66): warning C4133: 'function': incompatible types - from 'ST_cardData_t *' to 'ST_terminalData_t *'
C:\Users\Arcon123\Desktop\PaymentApplication\PaymentApplication\PaymentApplication\PaymentApplication\PaymentApplication\Terminal\Terminal.c(174,58): warning C4133: 'function': incompatible types - from 'ST_terminalData_t *' to 'ST_cardData_t *'
C:\Users\Arcon123\Desktop\PaymentApplication\PaymentApplication\PaymentApplication\PaymentApplication\PaymentApplication\Terminal\Terminal.c(174,69): warning C4133: 'function': incompatible types - from 'ST_cardData_t *' to 'ST_terminalData_t *'
C:\Users\Arcon123\Desktop\PaymentApplication\PaymentApplication\PaymentApplication\PaymentApplication\PaymentApplication\Terminal\Terminal.c(182,58): warning C4133: 'function': incompatible types - from 'ST_terminalData_t *' to 'ST_cardData_t *'
C:\Users\Arcon123\Desktop\PaymentApplication\PaymentApplication\PaymentApplication\PaymentApplication\PaymentApplication\Terminal\Terminal.c(182,69): warning C4133: 'function': incompatible types - from 'ST_cardData_t *' to 'ST_terminalData_t *'
C:\Users\Arcon123\Desktop\PaymentApplication\PaymentApplication\PaymentApplication\PaymentApplication\PaymentApplication\Terminal\Terminal.c(261,64): warning C4305: 'function': truncation from 'double' to 'float'
C:\Users\Arcon123\Desktop\PaymentApplication\PaymentApplication\PaymentApplication\PaymentApplication\PaymentApplication\Terminal\Terminal.c(269,65): warning C4305: 'function': truncation from 'double' to 'float'
  Generating Code...
  LINK : C:\Users\Arcon123\Desktop\PaymentApplication\PaymentApplication\PaymentApplication\PaymentApplication\x64\Debug\PaymentApplication.exe not found or not built by the last incremental link; performing full link
  PaymentApplication.vcxproj -> C:\Users\Arcon123\Desktop\PaymentApplication\PaymentApplication\PaymentApplication\PaymentApplication\x64\Debug\PaymentApplication.exe
